"PSPath","PSParentPath","PSChildName","PSDrive","PSProvider","PSIsContainer","Mode","VersionInfo","BaseName","Target","LinkType","Name","Length","DirectoryName","Directory","IsReadOnly","Exists","FullName","Extension","CreationTime","CreationTimeUtc","LastAccessTime","LastAccessTimeUtc","LastWriteTime","LastWriteTimeUtc","Attributes"
"Microsoft.PowerShell.Core\FileSystem::C:\Users\Wu\SYS-320\week02\Basic.ps1","Microsoft.PowerShell.Core\FileSystem::C:\Users\Wu\SYS-320\week02","Basic.ps1","C","Microsoft.PowerShell.Core\FileSystem","False","-a----","File:             C:\Users\Wu\SYS-320\week02\Basic.ps1
InternalName:     
OriginalFilename: 
FileVersion:      
FileDescription:  
Product:          
ProductVersion:   
Debug:            False
Patched:          False
PreRelease:       False
PrivateBuild:     False
SpecialBuild:     False
Language:         
","Basic","System.Collections.Generic.List`1[System.String]",,"Basic.ps1","0","C:\Users\Wu\SYS-320\week02","C:\Users\Wu\SYS-320\week02","False","True","C:\Users\Wu\SYS-320\week02\Basic.ps1",".ps1","9/3/2025 6:26:49 PM","9/3/2025 10:26:49 PM","9/3/2025 6:26:49 PM","9/3/2025 10:26:49 PM","9/3/2025 6:26:49 PM","9/3/2025 10:26:49 PM","Archive"
"Microsoft.PowerShell.Core\FileSystem::C:\Users\Wu\SYS-320\week02\ProcessManagement.ps1","Microsoft.PowerShell.Core\FileSystem::C:\Users\Wu\SYS-320\week02","ProcessManagement.ps1","C","Microsoft.PowerShell.Core\FileSystem","False","-a----","File:             C:\Users\Wu\SYS-320\week02\ProcessManagement.ps1
InternalName:     
OriginalFilename: 
FileVersion:      
FileDescription:  
Product:          
ProductVersion:   
Debug:            False
Patched:          False
PreRelease:       False
PrivateBuild:     False
SpecialBuild:     False
Language:         
","ProcessManagement","System.Collections.Generic.List`1[System.String]",,"ProcessManagement.ps1","0","C:\Users\Wu\SYS-320\week02","C:\Users\Wu\SYS-320\week02","False","True","C:\Users\Wu\SYS-320\week02\ProcessManagement.ps1",".ps1","9/3/2025 6:26:49 PM","9/3/2025 10:26:49 PM","9/3/2025 6:26:49 PM","9/3/2025 10:26:49 PM","9/3/2025 6:26:49 PM","9/3/2025 10:26:49 PM","Archive"
"Microsoft.PowerShell.Core\FileSystem::C:\Users\Wu\SYS-320\week02\windows.ps1","Microsoft.PowerShell.Core\FileSystem::C:\Users\Wu\SYS-320\week02","windows.ps1","C","Microsoft.PowerShell.Core\FileSystem","False","-a----","File:             C:\Users\Wu\SYS-320\week02\windows.ps1
InternalName:     
OriginalFilename: 
FileVersion:      
FileDescription:  
Product:          
ProductVersion:   
Debug:            False
Patched:          False
PreRelease:       False
PrivateBuild:     False
SpecialBuild:     False
Language:         
","windows","System.Collections.Generic.List`1[System.String]",,"windows.ps1","0","C:\Users\Wu\SYS-320\week02","C:\Users\Wu\SYS-320\week02","False","True","C:\Users\Wu\SYS-320\week02\windows.ps1",".ps1","9/3/2025 6:26:49 PM","9/3/2025 10:26:49 PM","9/3/2025 6:26:49 PM","9/3/2025 10:26:49 PM","9/3/2025 6:26:49 PM","9/3/2025 10:26:49 PM","Archive"
